<?xml version="1.0" encoding="UTF-8"?>
<!-- Generated by org.testng.reporters.JUnitReportReporter -->
<testsuite hostname="DESKTOP-5BCNP66" failures="0" tests="1" name="com.actitime.testscript.CustomerModule" time="0.011" errors="0" timestamp="2024-09-01T12:08:41 IST" skipped="0">
  <testcase classname="com.actitime.testscript.CustomerModule" name="CreateCustomer" time="0.011"/>
  <system-out>
    <![CDATA[customer]]>
  </system-out>
</testsuite> <!-- com.actitime.testscript.CustomerModule -->
